# JRE version: Java(TM) SE Runtime Environment (8.0_231-b11) (build 1.8.0_231-b11)
# Java VM: Java HotSpot(TM) 64-Bit Server VM (25.231-b11 mixed mode windows-amd64 compressed oops)
Heap:
 PSYoungGen      total 76288K, used 46949K [0x000000076b500000, 0x0000000771c00000, 0x00000007c0000000)
  eden space 65536K, 65% used [0x000000076b500000,0x000000076deead88,0x000000076f500000)
  from space 10752K, 37% used [0x000000076f500000,0x000000076f8ee6d0,0x000000076ff80000)
  to   space 10752K, 0% used [0x0000000771180000,0x0000000771180000,0x0000000771c00000)
 ParOldGen       total 116736K, used 25092K [0x00000006c1e00000, 0x00000006c9000000, 0x000000076b500000)
  object space 116736K, 21% used [0x00000006c1e00000,0x00000006c3681020,0x00000006c9000000)
 Metaspace       used 24799K, capacity 25736K, committed 25856K, reserved 1071104K
  class space    used 3092K, capacity 3324K, committed 3328K, reserved 1048576K
GC Heap History (8 events):
Event: 2.227 GC heap before
{Heap before GC invocations=1 (full 0):
 PSYoungGen      total 76288K, used 65536K [0x000000076b500000, 0x0000000770a00000, 0x00000007c0000000)
  eden space 65536K, 100% used [0x000000076b500000,0x000000076f500000,0x000000076f500000)
  from space 10752K, 0% used [0x000000076ff80000,0x000000076ff80000,0x0000000770a00000)
  to   space 10752K, 0% used [0x000000076f500000,0x000000076f500000,0x000000076ff80000)
 ParOldGen       total 175104K, used 0K [0x00000006c1e00000, 0x00000006cc900000, 0x000000076b500000)
  object space 175104K, 0% used [0x00000006c1e00000,0x00000006c1e00000,0x00000006cc900000)
 Metaspace       used 15869K, capacity 16238K, committed 16384K, reserved 1062912K
  class space    used 1896K, capacity 2013K, committed 2048K, reserved 1048576K
Event: 2.235 GC heap after
Heap after GC invocations=1 (full 0):
 PSYoungGen      total 76288K, used 9934K [0x000000076b500000, 0x0000000770a00000, 0x00000007c0000000)
  eden space 65536K, 0% used [0x000000076b500000,0x000000076b500000,0x000000076f500000)
  from space 10752K, 92% used [0x000000076f500000,0x000000076feb3b38,0x000000076ff80000)
  to   space 10752K, 0% used [0x000000076ff80000,0x000000076ff80000,0x0000000770a00000)
 ParOldGen       total 175104K, used 80K [0x00000006c1e00000, 0x00000006cc900000, 0x000000076b500000)
  object space 175104K, 0% used [0x00000006c1e00000,0x00000006c1e14010,0x00000006cc900000)
 Metaspace       used 15869K, capacity 16238K, committed 16384K, reserved 1062912K
  class space    used 1896K, capacity 2013K, committed 2048K, reserved 1048576K
}
Event: 3.169 GC heap before
{Heap before GC invocations=2 (full 0):
 PSYoungGen      total 76288K, used 36276K [0x000000076b500000, 0x0000000770a00000, 0x00000007c0000000)
  eden space 65536K, 40% used [0x000000076b500000,0x000000076ceb9780,0x000000076f500000)
  from space 10752K, 92% used [0x000000076f500000,0x000000076feb3b38,0x000000076ff80000)
  to   space 10752K, 0% used [0x000000076ff80000,0x000000076ff80000,0x0000000770a00000)
 ParOldGen       total 175104K, used 80K [0x00000006c1e00000, 0x00000006cc900000, 0x000000076b500000)
  object space 175104K, 0% used [0x00000006c1e00000,0x00000006c1e14010,0x00000006cc900000)
 Metaspace       used 20518K, capacity 21272K, committed 21296K, reserved 1069056K
  class space    used 2568K, capacity 2792K, committed 2816K, reserved 1048576K
Event: 3.181 GC heap after
Heap after GC invocations=2 (full 0):
 PSYoungGen      total 76288K, used 8916K [0x000000076b500000, 0x0000000770a00000, 0x00000007c0000000)
  eden space 65536K, 0% used [0x000000076b500000,0x000000076b500000,0x000000076f500000)
  from space 10752K, 82% used [0x000000076ff80000,0x00000007708353a8,0x0000000770a00000)
  to   space 10752K, 0% used [0x000000076f500000,0x000000076f500000,0x000000076ff80000)
 ParOldGen       total 175104K, used 88K [0x00000006c1e00000, 0x00000006cc900000, 0x000000076b500000)
  object space 175104K, 0% used [0x00000006c1e00000,0x00000006c1e16010,0x00000006cc900000)
 Metaspace       used 20518K, capacity 21272K, committed 21296K, reserved 1069056K
  class space    used 2568K, capacity 2792K, committed 2816K, reserved 1048576K
}
Event: 3.181 GC heap before
{Heap before GC invocations=3 (full 1):
 PSYoungGen      total 76288K, used 8916K [0x000000076b500000, 0x0000000770a00000, 0x00000007c0000000)
  eden space 65536K, 0% used [0x000000076b500000,0x000000076b500000,0x000000076f500000)
  from space 10752K, 82% used [0x000000076ff80000,0x00000007708353a8,0x0000000770a00000)
  to   space 10752K, 0% used [0x000000076f500000,0x000000076f500000,0x000000076ff80000)
 ParOldGen       total 175104K, used 88K [0x00000006c1e00000, 0x00000006cc900000, 0x000000076b500000)
  object space 175104K, 0% used [0x00000006c1e00000,0x00000006c1e16010,0x00000006cc900000)
 Metaspace       used 20518K, capacity 21272K, committed 21296K, reserved 1069056K
  class space    used 2568K, capacity 2792K, committed 2816K, reserved 1048576K
Event: 3.226 GC heap after
Heap after GC invocations=3 (full 1):
 PSYoungGen      total 76288K, used 0K [0x000000076b500000, 0x0000000770a00000, 0x00000007c0000000)
  eden space 65536K, 0% used [0x000000076b500000,0x000000076b500000,0x000000076f500000)
  from space 10752K, 0% used [0x000000076ff80000,0x000000076ff80000,0x0000000770a00000)
  to   space 10752K, 0% used [0x000000076f500000,0x000000076f500000,0x000000076ff80000)
 ParOldGen       total 116736K, used 8700K [0x00000006c1e00000, 0x00000006c9000000, 0x000000076b500000)
  object space 116736K, 7% used [0x00000006c1e00000,0x00000006c267f010,0x00000006c9000000)
 Metaspace       used 20518K, capacity 21272K, committed 21296K, reserved 1069056K
  class space    used 2568K, capacity 2792K, committed 2816K, reserved 1048576K
}
Event: 69.053 GC heap before
{Heap before GC invocations=4 (full 1):
 PSYoungGen      total 76288K, used 65536K [0x000000076b500000, 0x0000000770a00000, 0x00000007c0000000)
  eden space 65536K, 100% used [0x000000076b500000,0x000000076f500000,0x000000076f500000)
  from space 10752K, 0% used [0x000000076ff80000,0x000000076ff80000,0x0000000770a00000)
  to   space 10752K, 0% used [0x000000076f500000,0x000000076f500000,0x000000076ff80000)
 ParOldGen       total 116736K, used 8700K [0x00000006c1e00000, 0x00000006c9000000, 0x000000076b500000)
  object space 116736K, 7% used [0x00000006c1e00000,0x00000006c267f010,0x00000006c9000000)
 Metaspace       used 24485K, capacity 25352K, committed 25600K, reserved 1071104K
  class space    used 3085K, capacity 3324K, committed 3328K, reserved 1048576K
Event: 69.065 GC heap after
Heap after GC invocations=4 (full 1):
 PSYoungGen      total 76288K, used 4025K [0x000000076b500000, 0x0000000771c00000, 0x00000007c0000000)
  eden space 65536K, 0% used [0x000000076b500000,0x000000076b500000,0x000000076f500000)
  from space 10752K, 37% used [0x000000076f500000,0x000000076f8ee6d0,0x000000076ff80000)
  to   space 10752K, 0% used [0x0000000771180000,0x0000000771180000,0x0000000771c00000)
 ParOldGen       total 116736K, used 25092K [0x00000006c1e00000, 0x00000006c9000000, 0x000000076b500000)
  object space 116736K, 21% used [0x00000006c1e00000,0x00000006c3681020,0x00000006c9000000)
 Metaspace       used 24485K, capacity 25352K, committed 25600K, reserved 1071104K
  class space    used 3085K, capacity 3324K, committed 3328K, reserved 1048576K
}

